<?xml version="1.0" encoding="UTF-8"?>
<testsuite xmlns:xsi="http://www.w3.org/2001/XMLSchema-instance" xsi:noNamespaceSchemaLocation="https://maven.apache.org/surefire/maven-surefire-plugin/xsd/surefire-test-report.xsd" version="3.0" name="es.us.isa.idl.tests.IDLParsingTest" time="1.928" tests="1" errors="0" skipped="0" failures="1">
  <properties>
    <property name="osgi.checkConfiguration" value="true"/>
    <property name="java.specification.version" value="17"/>
    <property name="sun.cpu.isalist" value="amd64"/>
    <property name="sun.jnu.encoding" value="Cp1252"/>
    <property name="org.osgi.framework.version" value="1.10.0"/>
    <property name="java.class.path" value="C:\Users\SMN\.m2\repository\p2\osgi\bundle\org.eclipse.equinox.launcher\1.6.400.v20210924-0641\org.eclipse.equinox.launcher-1.6.400.v20210924-0641.jar"/>
    <property name="osgi.nl" value="en_GB"/>
    <property name="java.vm.vendor" value="Oracle Corporation"/>
    <property name="osgi.bundlefile.limit" value="100"/>
    <property name="osgi.syspath" value="c:\Users\SMN\.m2\repository\p2\osgi\bundle\org.eclipse.osgi\3.18.300.v20230220-1352"/>
    <property name="sun.arch.data.model" value="64"/>
    <property name="equinox.init.uuid" value="true"/>
    <property name="user.variant" value=""/>
    <property name="ds.delayed.keepInstances.default" value="true"/>
    <property name="java.vendor.url" value="https://java.oracle.com/"/>
    <property name="org.osgi.framework.system.capabilities" value="osgi.ee; osgi.ee=&quot;OSGi/Minimum&quot;; version:List&lt;Version&gt;=&quot;1.0, 1.1, 1.2&quot;, osgi.ee; osgi.ee=&quot;JRE&quot;; version:List&lt;Version&gt;=&quot;1.0, 1.1&quot;, osgi.ee; osgi.ee=&quot;JavaSE&quot;; version:List&lt;Version&gt;=&quot;1.0, 1.1, 1.2, 1.3, 1.4, 1.5, 1.6, 1.7, 1.8, 9.0, 10.0, 11.0, 12.0, 13.0, 14.0, 15.0, 16.0, 17.0&quot;,osgi.ee; osgi.ee=&quot;JavaSE/compact1&quot;; version:List&lt;Version&gt;=&quot;1.8, 9.0, 10.0, 11.0, 12.0, 13.0, 14.0, 15.0, 16.0, 17.0&quot;,osgi.ee; osgi.ee=&quot;JavaSE/compact2&quot;; version:List&lt;Version&gt;=&quot;1.8, 9.0, 10.0, 11.0, 12.0, 13.0, 14.0, 15.0, 16.0, 17.0&quot;,osgi.ee; osgi.ee=&quot;JavaSE/compact3&quot;; version:List&lt;Version&gt;=&quot;1.8, 9.0, 10.0, 11.0, 12.0, 13.0, 14.0, 15.0, 16.0, 17.0&quot;"/>
    <property name="user.timezone" value="Europe/Berlin"/>
    <property name="org.osgi.framework.uuid" value="9b2cd07b-d7eb-4699-a830-2a46619dd519"/>
    <property name="java.vm.specification.version" value="17"/>
    <property name="os.name" value="Windows 11"/>
    <property name="org.osgi.framework.processor" value="x86-64"/>
    <property name="sun.java.launcher" value="SUN_STANDARD"/>
    <property name="user.country" value="GB"/>
    <property name="sun.boot.library.path" value="C:\Program Files\Java\jdk-17\bin"/>
    <property name="sun.java.command" value="C:\Users\SMN\.m2\repository\p2\osgi\bundle\org.eclipse.equinox.launcher\1.6.400.v20210924-0641\org.eclipse.equinox.launcher-1.6.400.v20210924-0641.jar -data C:\Users\SMN\eclipse-workspace\es.us.isa.idl.parent\es.us.isa.idl.tests\target\work\data -install C:\Users\SMN\eclipse-workspace\es.us.isa.idl.parent\es.us.isa.idl.tests\target\work -configuration C:\Users\SMN\eclipse-workspace\es.us.isa.idl.parent\es.us.isa.idl.tests\target\work\configuration -application org.eclipse.tycho.surefire.osgibooter.headlesstest -testproperties C:\Users\SMN\eclipse-workspace\es.us.isa.idl.parent\es.us.isa.idl.tests\target\surefire.properties"/>
    <property name="jdk.debug" value="release"/>
    <property name="sun.cpu.endian" value="little"/>
    <property name="org.osgi.supports.framework.requirebundle" value="true"/>
    <property name="osgi.logfile" value="C:\Users\SMN\eclipse-workspace\es.us.isa.idl.parent\es.us.isa.idl.tests\target\work\configuration\1693409250674.log"/>
    <property name="osgi.arch" value="x86_64"/>
    <property name="user.home" value="C:\Users\SMN"/>
    <property name="osgi.install.area" value="file:/C:/Users/SMN/eclipse-workspace/es.us.isa.idl.parent/es.us.isa.idl.tests/target/work/"/>
    <property name="user.language" value="en"/>
    <property name="java.specification.vendor" value="Oracle Corporation"/>
    <property name="org.osgi.framework.language" value="en"/>
    <property name="org.osgi.framework.system.packages" value="com.sun.jarsigner, com.sun.java.accessibility.util, com.sun.jdi, com.sun.jdi.connect, com.sun.jdi.connect.spi, com.sun.jdi.event, com.sun.jdi.request, com.sun.management, com.sun.net.httpserver, com.sun.net.httpserver.spi, com.sun.nio.file, com.sun.nio.sctp, com.sun.security.auth, com.sun.security.auth.callback, com.sun.security.auth.login, com.sun.security.auth.module, com.sun.security.jgss, com.sun.source.doctree, com.sun.source.tree, com.sun.source.util, com.sun.tools.attach, com.sun.tools.attach.spi, com.sun.tools.javac, com.sun.tools.jconsole, java.applet, java.awt, java.awt.color, java.awt.datatransfer, java.awt.desktop, java.awt.dnd, java.awt.event, java.awt.font, java.awt.geom, java.awt.im, java.awt.im.spi, java.awt.image, java.awt.image.renderable, java.awt.print, java.beans, java.beans.beancontext, java.io, java.lang, java.lang.annotation, java.lang.constant, java.lang.instrument, java.lang.invoke, java.lang.management, java.lang.module, java.lang.ref, java.lang.reflect, java.lang.runtime, java.math, java.net, java.net.http, java.net.spi, java.nio, java.nio.channels, java.nio.channels.spi, java.nio.charset, java.nio.charset.spi, java.nio.file, java.nio.file.attribute, java.nio.file.spi, java.rmi, java.rmi.dgc, java.rmi.registry, java.rmi.server, java.security, java.security.cert, java.security.interfaces, java.security.spec, java.sql, java.text, java.text.spi, java.time, java.time.chrono, java.time.format, java.time.temporal, java.time.zone, java.util, java.util.concurrent, java.util.concurrent.atomic, java.util.concurrent.locks, java.util.function, java.util.jar, java.util.logging, java.util.prefs, java.util.random, java.util.regex, java.util.spi, java.util.stream, java.util.zip, javax.accessibility, javax.annotation.processing, javax.crypto, javax.crypto.interfaces, javax.crypto.spec, javax.imageio, javax.imageio.event, javax.imageio.metadata, javax.imageio.plugins.bmp, javax.imageio.plugins.jpeg, javax.imageio.plugins.tiff, javax.imageio.spi, javax.imageio.stream, javax.lang.model, javax.lang.model.element, javax.lang.model.type, javax.lang.model.util, javax.management, javax.management.loading, javax.management.modelmbean, javax.management.monitor, javax.management.openmbean, javax.management.relation, javax.management.remote, javax.management.remote.rmi, javax.management.timer, javax.naming, javax.naming.directory, javax.naming.event, javax.naming.ldap, javax.naming.ldap.spi, javax.naming.spi, javax.net, javax.net.ssl, javax.print, javax.print.attribute, javax.print.attribute.standard, javax.print.event, javax.rmi.ssl, javax.script, javax.security.auth, javax.security.auth.callback, javax.security.auth.kerberos, javax.security.auth.login, javax.security.auth.spi, javax.security.auth.x500, javax.security.cert, javax.security.sasl, javax.smartcardio, javax.sound.midi, javax.sound.midi.spi, javax.sound.sampled, javax.sound.sampled.spi, javax.sql, javax.sql.rowset, javax.sql.rowset.serial, javax.sql.rowset.spi, javax.swing, javax.swing.border, javax.swing.colorchooser, javax.swing.event, javax.swing.filechooser, javax.swing.plaf, javax.swing.plaf.basic, javax.swing.plaf.metal, javax.swing.plaf.multi, javax.swing.plaf.nimbus, javax.swing.plaf.synth, javax.swing.table, javax.swing.text, javax.swing.text.html, javax.swing.text.html.parser, javax.swing.text.rtf, javax.swing.tree, javax.swing.undo, javax.tools, javax.transaction.xa, javax.xml, javax.xml.catalog, javax.xml.crypto, javax.xml.crypto.dom, javax.xml.crypto.dsig, javax.xml.crypto.dsig.dom, javax.xml.crypto.dsig.keyinfo, javax.xml.crypto.dsig.spec, javax.xml.datatype, javax.xml.namespace, javax.xml.parsers, javax.xml.stream, javax.xml.stream.events, javax.xml.stream.util, javax.xml.transform, javax.xml.transform.dom, javax.xml.transform.sax, javax.xml.transform.stax, javax.xml.transform.stream, javax.xml.validation, javax.xml.xpath, jdk.dynalink, jdk.dynalink.beans, jdk.dynalink.linker, jdk.dynalink.linker.support, jdk.dynalink.support, jdk.incubator.foreign, jdk.incubator.vector, jdk.javadoc.doclet, jdk.jfr, jdk.jfr.consumer, jdk.jshell, jdk.jshell.execution, jdk.jshell.spi, jdk.jshell.tool, jdk.management.jfr, jdk.net, jdk.nio, jdk.nio.mapmode, jdk.security.jarsigner, jdk.swing.interop, netscape.javascript, org.ietf.jgss, org.w3c.dom, org.w3c.dom.bootstrap, org.w3c.dom.css, org.w3c.dom.events, org.w3c.dom.html, org.w3c.dom.ls, org.w3c.dom.ranges, org.w3c.dom.stylesheets, org.w3c.dom.traversal, org.w3c.dom.views, org.w3c.dom.xpath, org.xml.sax, org.xml.sax.ext, org.xml.sax.helpers, sun.misc, sun.reflect"/>
    <property name="gosh.args" value="--nointeractive"/>
    <property name="eclipse.application" value="org.eclipse.tycho.surefire.osgibooter.headlesstest"/>
    <property name="java.version.date" value="2023-01-17"/>
    <property name="java.home" value="C:\Program Files\Java\jdk-17"/>
    <property name="file.separator" value="\"/>
    <property name="osgi.noShutdown" value="false"/>
    <property name="java.vm.compressedOopsMode" value="Zero based"/>
    <property name="line.separator" value="&#10;"/>
    <property name="org.osgi.framework.executionenvironment" value="OSGi/Minimum-1.0, OSGi/Minimum-1.1, OSGi/Minimum-1.2, JavaSE/compact1-1.8, JavaSE/compact2-1.8, JavaSE/compact3-1.8, JRE-1.1, J2SE-1.2, J2SE-1.3, J2SE-1.4, J2SE-1.5, JavaSE-1.6, JavaSE-1.7, JavaSE-1.8, JavaSE-9, JavaSE-10, JavaSE-11, JavaSE-12, JavaSE-13, JavaSE-14, JavaSE-15, JavaSE-16, JavaSE-17"/>
    <property name="java.vm.specification.vendor" value="Oracle Corporation"/>
    <property name="java.specification.name" value="Java Platform API Specification"/>
    <property name="osgi.compatibility.bootdelegation.default" value="true"/>
    <property name="ds.delayed.keepInstances" value="true"/>
    <property name="user.script" value=""/>
    <property name="sun.management.compiler" value="HotSpot 64-Bit Tiered Compilers"/>
    <property name="java.runtime.version" value="17.0.6+9-LTS-190"/>
    <property name="user.name" value="SMN"/>
    <property name="eclipse.commands" value="-data&#10;C:\Users\SMN\eclipse-workspace\es.us.isa.idl.parent\es.us.isa.idl.tests\target\work\data&#10;-install&#10;C:\Users\SMN\eclipse-workspace\es.us.isa.idl.parent\es.us.isa.idl.tests\target\work&#10;-configuration&#10;C:\Users\SMN\eclipse-workspace\es.us.isa.idl.parent\es.us.isa.idl.tests\target\work\configuration&#10;-application&#10;org.eclipse.tycho.surefire.osgibooter.headlesstest&#10;-testproperties&#10;C:\Users\SMN\eclipse-workspace\es.us.isa.idl.parent\es.us.isa.idl.tests\target\surefire.properties&#10;"/>
    <property name="path.separator" value=";"/>
    <property name="osgi.framework.useSystemProperties" value="true"/>
    <property name="osgi.compatibility.bootdelegation" value="true"/>
    <property name="os.version" value="10.0"/>
    <property name="org.osgi.framework.vendor" value="Eclipse"/>
    <property name="java.runtime.name" value="Java(TM) SE Runtime Environment"/>
    <property name="org.osgi.supports.framework.fragment" value="true"/>
    <property name="file.encoding" value="Cp1252"/>
    <property name="osgi.bundles" value="reference:file:C:/Users/SMN/.m2/repository/p2/osgi/bundle/org.eclipse.help/3.9.100.v20210721-0601/org.eclipse.help-3.9.100.v20210721-0601.jar,reference:file:C:/Users/SMN/.m2/repository/p2/osgi/bundle/org.eclipse.core.expressions/3.8.200.v20220613-1047/org.eclipse.core.expressions-3.8.200.v20220613-1047.jar,reference:file:C:/Users/SMN/.m2/repository/p2/osgi/bundle/org.eclipse.e4.ui.bindings/0.13.300.v20230220-0932/org.eclipse.e4.ui.bindings-0.13.300.v20230220-0932.jar,reference:file:C:/Users/SMN/.m2/repository/org/eclipse/tycho/org.eclipse.tycho.surefire.junit59withvintage/3.0.3/org.eclipse.tycho.surefire.junit59withvintage-3.0.3.jar,reference:file:C:/Users/SMN/.m2/repository/p2/osgi/bundle/org.eclipse.equinox.simpleconfigurator/1.4.200.v20221111-1340/org.eclipse.equinox.simpleconfigurator-1.4.200.v20221111-1340.jar@1:start,reference:file:C:/Users/SMN/.m2/repository/org/eclipse/tycho/org.eclipse.tycho.surefire.osgibooter/3.0.3/org.eclipse.tycho.surefire.osgibooter-3.0.3.jar,reference:file:C:/Users/SMN/eclipse-workspace/es.us.isa.idl.parent/es.us.isa.idl.tests/target/work/plugins/org.eclipse.equinox.launcher.gtk.linux.x86_64_1.2.700.v20221108-1024,reference:file:C:/Users/SMN/.m2/repository/p2/osgi/bundle/org.eclipse.core.databinding.beans/1.9.100.v20230214-1401/org.eclipse.core.databinding.beans-1.9.100.v20230214-1401.jar,reference:file:C:/Users/SMN/.m2/repository/p2/osgi/bundle/org.eclipse.xtext.xbase.lib/2.30.0.v20230227-1111/org.eclipse.xtext.xbase.lib-2.30.0.v20230227-1111.jar,reference:file:C:/Users/SMN/.m2/repository/p2/osgi/bundle/org.osgi.service.device/1.1.1.202109301733/org.osgi.service.device-1.1.1.202109301733.jar,reference:file:C:/Users/SMN/.m2/repository/p2/osgi/bundle/org.eclipse.equinox.event/1.6.200.v20230120-0604/org.eclipse.equinox.event-1.6.200.v20230120-0604.jar,reference:file:C:/Users/SMN/.m2/repository/p2/osgi/bundle/com.google.inject/5.0.1.v20221112-0806/com.google.inject-5.0.1.v20221112-0806.jar,reference:file:C:/Users/SMN/.m2/repository/p2/osgi/bundle/junit-platform-suite-api/1.9.2/junit-platform-suite-api-1.9.2.jar,reference:file:C:/Users/SMN/.m2/repository/p2/osgi/bundle/org.eclipse.e4.ui.workbench3/0.16.200.v20230220-0932/org.eclipse.e4.ui.workbench3-0.16.200.v20230220-0932.jar,reference:file:C:/Users/SMN/.m2/repository/p2/osgi/bundle/org.apache.felix.gogo.shell/1.1.4/org.apache.felix.gogo.shell-1.1.4.jar,reference:file:C:/Users/SMN/.m2/repository/p2/osgi/bundle/com.ibm.icu/72.1.0/com.ibm.icu-72.1.0.jar,reference:file:C:/Users/SMN/.m2/repository/p2/osgi/bundle/org.eclipse.ltk.ui.refactoring/3.12.200.v20220808-2221/org.eclipse.ltk.ui.refactoring-3.12.200.v20220808-2221.jar,reference:file:C:/Users/SMN/.m2/repository/p2/osgi/bundle/org.eclipse.emf.ecore.change/2.15.0.v20230211-1150/org.eclipse.emf.ecore.change-2.15.0.v20230211-1150.jar,reference:file:C:/Users/SMN/.m2/repository/p2/osgi/bundle/org.eclipse.e4.ui.di/1.4.200.v20230220-0932/org.eclipse.e4.ui.di-1.4.200.v20230220-0932.jar,reference:file:C:/Users/SMN/.m2/repository/p2/osgi/bundle/org.eclipse.ui.views/3.11.400.v20230220-0932/org.eclipse.ui.views-3.11.400.v20230220-0932.jar,reference:file:C:/Users/SMN/.m2/repository/p2/osgi/bundle/org.apache.commons.commons-io/2.11.0/org.apache.commons.commons-io-2.11.0.jar,reference:file:C:/Users/SMN/.m2/repository/p2/osgi/bundle/org.eclipse.xtext.testing/2.30.0.v20230227-1116/org.eclipse.xtext.testing-2.30.0.v20230227-1116.jar,reference:file:C:/Users/SMN/.m2/repository/p2/osgi/bundle/org.eclipse.e4.ui.widgets/1.3.200.v20230220-0932/org.eclipse.e4.ui.widgets-1.3.200.v20230220-0932.jar,reference:file:C:/Users/SMN/.m2/repository/p2/osgi/bundle/org.eclipse.e4.ui.swt.gtk/1.1.300.v20230220-0932/org.eclipse.e4.ui.swt.gtk-1.1.300.v20230220-0932.jar,reference:file:C:/Users/SMN/.m2/repository/p2/osgi/bundle/org.eclipse.xtext.xbase/2.30.0.v20230227-1128/org.eclipse.xtext.xbase-2.30.0.v20230227-1128.jar,reference:file:C:/Users/SMN/.m2/repository/p2/osgi/bundle/org.eclipse.e4.ui.workbench.renderers.swt/0.15.800.v20230214-1401/org.eclipse.e4.ui.workbench.renderers.swt-0.15.800.v20230214-1401.jar,reference:file:C:/Users/SMN/.m2/repository/p2/osgi/bundle/org.eclipse.urischeme/1.2.300.v20230220-0932/org.eclipse.urischeme-1.2.300.v20230220-0932.jar,reference:file:C:/Users/SMN/eclipse-workspace/es.us.isa.idl.parent/es.us.isa.idl.tests,reference:file:C:/Users/SMN/.m2/repository/p2/osgi/bundle/org.eclipse.e4.ui.model.workbench/2.3.0.v20230220-1021/org.eclipse.e4.ui.model.workbench-2.3.0.v20230220-1021.jar,reference:file:C:/Users/SMN/.m2/repository/p2/osgi/bundle/org.apache.commons.jxpath/1.3.0.v200911051830/org.apache.commons.jxpath-1.3.0.v200911051830.jar,reference:file:C:/Users/SMN/.m2/repository/p2/osgi/bundle/org.eclipse.e4.core.services/2.3.400.v20220915-1347/org.eclipse.e4.core.services-2.3.400.v20220915-1347.jar,reference:file:C:/Users/SMN/.m2/repository/p2/osgi/bundle/org.eclipse.rcp/4.27.0.v20230302-0300/org.eclipse.rcp-4.27.0.v20230302-0300.jar,reference:file:C:/Users/SMN/.m2/repository/p2/osgi/bundle/org.eclipse.ui.workbench.texteditor/3.16.700.v20230210-0941/org.eclipse.ui.workbench.texteditor-3.16.700.v20230210-0941.jar,reference:file:C:/Users/SMN/.m2/repository/p2/osgi/bundle/org.osgi.service.upnp/1.2.1.202109301733/org.osgi.service.upnp-1.2.1.202109301733.jar,reference:file:C:/Users/SMN/eclipse-workspace/es.us.isa.idl.parent/es.us.isa.idl.tests/target/work/plugins/org.eclipse.equinox.launcher.cocoa.macosx.x86_64_1.2.700.v20221108-1024,reference:file:C:/Users/SMN/.m2/repository/p2/osgi/bundle/org.w3c.dom.events/3.0.0.draft20060413_v201105210656/org.w3c.dom.events-3.0.0.draft20060413_v201105210656.jar,reference:file:C:/Users/SMN/.m2/repository/p2/osgi/bundle/org.osgi.service.prefs/1.1.2.202109301733/org.osgi.service.prefs-1.1.2.202109301733.jar,reference:file:C:/Users/SMN/.m2/repository/p2/osgi/bundle/org.eclipse.compare/3.8.500.v20220812-1406/org.eclipse.compare-3.8.500.v20220812-1406.jar,reference:file:C:/Users/SMN/.m2/repository/p2/osgi/bundle/org.eclipse.ui.navigator.resources/3.8.600.v20230220-1021/org.eclipse.ui.navigator.resources-3.8.600.v20230220-1021.jar,reference:file:C:/Users/SMN/.m2/repository/p2/osgi/bundle/org.tukaani.xz/1.9.0/org.tukaani.xz-1.9.0.jar,reference:file:C:/Users/SMN/.m2/repository/p2/osgi/bundle/org.apache.felix.scr/2.2.6/org.apache.felix.scr-2.2.6.jar@1:start,reference:file:C:/Users/SMN/.m2/repository/p2/osgi/bundle/org.eclipse.ui.workbench/3.128.0.v20230220-1021/org.eclipse.ui.workbench-3.128.0.v20230220-1021.jar,reference:file:C:/Users/SMN/.m2/repository/p2/osgi/bundle/org.osgi.util.promise/1.3.0.202212101352/org.osgi.util.promise-1.3.0.202212101352.jar,reference:file:C:/Users/SMN/.m2/repository/p2/osgi/bundle/org.junit.platform.runner/1.9.1.v20221103-2317/org.junit.platform.runner-1.9.1.v20221103-2317.jar,reference:file:C:/Users/SMN/.m2/repository/p2/osgi/bundle/org.eclipse.core.resources/3.18.200.v20230209-0754/org.eclipse.core.resources-3.18.200.v20230209-0754.jar,reference:file:C:/Users/SMN/.m2/repository/p2/osgi/bundle/org.eclipse.equinox.bidi/1.4.200.v20220710-1223/org.eclipse.equinox.bidi-1.4.200.v20220710-1223.jar,reference:file:C:/Users/SMN/.m2/repository/p2/osgi/bundle/org.eclipse.e4.core.di.annotations/1.7.200.v20220613-1008/org.eclipse.e4.core.di.annotations-1.7.200.v20220613-1008.jar,reference:file:C:/Users/SMN/.m2/repository/p2/osgi/bundle/org.osgi.service.component/1.5.1.202212101352/org.osgi.service.component-1.5.1.202212101352.jar,reference:file:C:/Users/SMN/.m2/repository/p2/osgi/bundle/org.eclipse.xtext.common.types/2.30.0.v20230227-1128/org.eclipse.xtext.common.types-2.30.0.v20230227-1128.jar,reference:file:C:/Users/SMN/.m2/repository/p2/osgi/bundle/org.osgi.util.position/1.0.1.201505202026/org.osgi.util.position-1.0.1.201505202026.jar,reference:file:C:/Users/SMN/.m2/repository/p2/osgi/bundle/org.eclipse.equinox.app/1.6.200.v20220720-2012/org.eclipse.equinox.app-1.6.200.v20220720-2012.jar,reference:file:C:/Users/SMN/.m2/repository/p2/osgi/bundle/org.eclipse.equinox.p2.repository/2.6.300.v20221030-1923/org.eclipse.equinox.p2.repository-2.6.300.v20221030-1923.jar,reference:file:C:/Users/SMN/.m2/repository/p2/osgi/bundle/org.eclipse.core.filebuffers/3.7.200.v20220202-1008/org.eclipse.core.filebuffers-3.7.200.v20220202-1008.jar,reference:file:C:/Users/SMN/.m2/repository/p2/osgi/bundle/org.eclipse.emf.common/2.28.0.v20230223-0922/org.eclipse.emf.common-2.28.0.v20230223-0922.jar,reference:file:C:/Users/SMN/.m2/repository/p2/osgi/bundle/org.eclipse.xtext/2.30.0.v20230227-1116/org.eclipse.xtext-2.30.0.v20230227-1116.jar,reference:file:C:/Users/SMN/.m2/repository/p2/osgi/bundle/org.eclipse.equinox.p2.metadata/2.6.300.v20220817-1208/org.eclipse.equinox.p2.metadata-2.6.300.v20220817-1208.jar,reference:file:C:/Users/SMN/.m2/repository/p2/osgi/bundle/org.apache.commons.logging/1.2.0.v20180409-1502/org.apache.commons.logging-1.2.0.v20180409-1502.jar,reference:file:C:/Users/SMN/.m2/repository/p2/osgi/bundle/org.eclipse.e4.core.contexts/1.11.0.v20220716-0839/org.eclipse.e4.core.contexts-1.11.0.v20220716-0839.jar,reference:file:C:/Users/SMN/.m2/repository/p2/osgi/bundle/org.osgi.service.provisioning/1.2.0.201505202024/org.osgi.service.provisioning-1.2.0.201505202024.jar,reference:file:C:/Users/SMN/.m2/repository/p2/osgi/bundle/org.eclipse.core.filesystem/1.9.500.v20220817-1539/org.eclipse.core.filesystem-1.9.500.v20220817-1539.jar,reference:file:C:/Users/SMN/.m2/repository/p2/osgi/bundle/org.eclipse.osgi.services/3.11.100.v20221006-1531/org.eclipse.osgi.services-3.11.100.v20221006-1531.jar,reference:file:C:/Users/SMN/.m2/repository/p2/osgi/bundle/org.eclipse.swt/3.123.0.v20230220-1431/org.eclipse.swt-3.123.0.v20230220-1431.jar,reference:file:C:/Users/SMN/.m2/repository/p2/osgi/bundle/org.eclipse.update.configurator/3.4.1000.v20221114-1512/org.eclipse.update.configurator-3.4.1000.v20221114-1512.jar,reference:file:C:/Users/SMN/.m2/repository/p2/osgi/bundle/org.eclipse.e4.core.commands/1.0.400.v20230220-0932/org.eclipse.e4.core.commands-1.0.400.v20230220-0932.jar,reference:file:C:/Users/SMN/.m2/repository/p2/osgi/bundle/org.eclipse.emf.ecore/2.33.0.v20230226-0921/org.eclipse.emf.ecore-2.33.0.v20230226-0921.jar,reference:file:C:/Users/SMN/.m2/repository/p2/osgi/bundle/org.apache.batik.css/1.16.0.v20221027-0840/org.apache.batik.css-1.16.0.v20221027-0840.jar,reference:file:C:/Users/SMN/.m2/repository/p2/osgi/bundle/org.osgi.service.cm/1.6.1.202109301733/org.osgi.service.cm-1.6.1.202109301733.jar,reference:file:C:/Users/SMN/.m2/repository/p2/osgi/bundle/org.eclipse.jface.databinding/1.14.100.v20230214-1401/org.eclipse.jface.databinding-1.14.100.v20230214-1401.jar,reference:file:C:/Users/SMN/.m2/repository/p2/osgi/bundle/org.eclipse.text/3.12.300.v20220921-1010/org.eclipse.text-3.12.300.v20220921-1010.jar,reference:file:C:/Users/SMN/.m2/repository/p2/osgi/bundle/org.eclipse.team.core/3.9.700.v20221201-0946/org.eclipse.team.core-3.9.700.v20221201-0946.jar,reference:file:C:/Users/SMN/.m2/repository/p2/osgi/bundle/org.eclipse.core.commands/3.10.400.v20230220-0932/org.eclipse.core.commands-3.10.400.v20230220-0932.jar,reference:file:C:/Users/SMN/.m2/repository/p2/osgi/bundle/org.apache.felix.gogo.runtime/1.1.6/org.apache.felix.gogo.runtime-1.1.6.jar,reference:file:C:/Users/SMN/.m2/repository/p2/osgi/bundle/org.eclipse.xtext.util/2.30.0.v20230227-1116/org.eclipse.xtext.util-2.30.0.v20230227-1116.jar,reference:file:C:/Users/SMN/.m2/repository/p2/osgi/bundle/org.junit.jupiter.engine/5.9.1.v20221103-2317/org.junit.jupiter.engine-5.9.1.v20221103-2317.jar,reference:file:C:/Users/SMN/.m2/repository/p2/osgi/bundle/org.eclipse.core.databinding/1.12.0.v20230214-1401/org.eclipse.core.databinding-1.12.0.v20230214-1401.jar,reference:file:C:/Users/SMN/.m2/repository/p2/osgi/bundle/org.eclipse.swt.win32.win32.x86_64/3.123.0.v20230220-1431/org.eclipse.swt.win32.win32.x86_64-3.123.0.v20230220-1431.jar,reference:file:C:/Users/SMN/.m2/repository/p2/osgi/bundle/org.eclipse.ui.cocoa/1.3.100.v20230214-1401/org.eclipse.ui.cocoa-1.3.100.v20230214-1401.jar,reference:file:C:/Users/SMN/.m2/repository/p2/osgi/bundle/org.eclipse.ui/3.202.0.v20230214-1401/org.eclipse.ui-3.202.0.v20230214-1401.jar,reference:file:C:/Users/SMN/.m2/repository/p2/osgi/bundle/org.eclipse.e4.ui.css.core/0.13.500.v20230220-0932/org.eclipse.e4.ui.css.core-0.13.500.v20230220-0932.jar,reference:file:C:/Users/SMN/.m2/repository/p2/osgi/bundle/org.eclipse.core.runtime/3.26.100.v20221021-0005/org.eclipse.core.runtime-3.26.100.v20221021-0005.jar@4:start,reference:file:C:/Users/SMN/.m2/repository/p2/osgi/bundle/org.eclipse.compare.core/3.7.100.v20220812-1406/org.eclipse.compare.core-3.7.100.v20220812-1406.jar,reference:file:C:/Users/SMN/.m2/repository/p2/osgi/bundle/org.eclipse.e4.ui.ide/3.16.300.v20230220-0932/org.eclipse.e4.ui.ide-3.16.300.v20230220-0932.jar,reference:file:C:/Users/SMN/.m2/repository/p2/osgi/bundle/org.junit.jupiter.api/5.9.1.v20221103-2317/org.junit.jupiter.api-5.9.1.v20221103-2317.jar,reference:file:C:/Users/SMN/.m2/repository/p2/osgi/bundle/org.osgi.service.wireadmin/1.0.2.202109301733/org.osgi.service.wireadmin-1.0.2.202109301733.jar,reference:file:C:/Users/SMN/.m2/repository/p2/osgi/bundle/org.junit/4.13.2.v20211018-1956/org.junit-4.13.2.v20211018-1956.jar,reference:file:C:/Users/SMN/.m2/repository/p2/osgi/bundle/org.apache.log4j/1.2.24.v20221221-2012/org.apache.log4j-1.2.24.v20221221-2012.jar,reference:file:C:/Users/SMN/.m2/repository/p2/osgi/bundle/org.eclipse.jdt.core.compiler.batch/3.33.0.v20230218-1114/org.eclipse.jdt.core.compiler.batch-3.33.0.v20230218-1114.jar,reference:file:C:/Users/SMN/.m2/repository/p2/osgi/bundle/org.eclipse.equinox.p2.core/2.9.200.v20220817-1208/org.eclipse.equinox.p2.core-2.9.200.v20220817-1208.jar,reference:file:C:/Users/SMN/.m2/repository/p2/osgi/bundle/org.aopalliance/1.0.0.v20220404-1927/org.aopalliance-1.0.0.v20220404-1927.jar,reference:file:C:/Users/SMN/.m2/repository/p2/osgi/bundle/org.eclipse.team.ui/3.9.600.v20230207-1607/org.eclipse.team.ui-3.9.600.v20230207-1607.jar,reference:file:C:/Users/SMN/.m2/repository/p2/osgi/bundle/org.eclipse.e4.ui.swt.win32/1.1.200.v20230214-1401/org.eclipse.e4.ui.swt.win32-1.1.200.v20230214-1401.jar,reference:file:C:/Users/SMN/.m2/repository/p2/osgi/bundle/org.opentest4j/1.2.0.v20211018-1956/org.opentest4j-1.2.0.v20211018-1956.jar,reference:file:C:/Users/SMN/.m2/repository/p2/osgi/bundle/org.eclipse.e4.core.di.extensions.supplier/0.16.400.v20220613-1047/org.eclipse.e4.core.di.extensions.supplier-0.16.400.v20220613-1047.jar,reference:file:C:/Users/SMN/.m2/repository/p2/osgi/bundle/org.eclipse.equinox.registry/3.11.200.v20220817-1601/org.eclipse.equinox.registry-3.11.200.v20220817-1601.jar,reference:file:C:/Users/SMN/.m2/repository/p2/osgi/bundle/org.eclipse.jface.text/3.23.0.v20230123-1047/org.eclipse.jface.text-3.23.0.v20230123-1047.jar,reference:file:C:/Users/SMN/.m2/repository/p2/osgi/bundle/org.eclipse.e4.ui.css.swt/0.14.800.v20230220-0932/org.eclipse.e4.ui.css.swt-0.14.800.v20230220-0932.jar,reference:file:C:/Users/SMN/.m2/repository/p2/osgi/bundle/org.eclipse.core.jobs/3.13.300.v20230111-0823/org.eclipse.core.jobs-3.13.300.v20230111-0823.jar,reference:file:C:/Users/SMN/.m2/repository/p2/osgi/bundle/org.eclipse.e4.ui.css.swt.theme/0.13.300.v20230220-0932/org.eclipse.e4.ui.css.swt.theme-0.13.300.v20230220-0932.jar,reference:file:C:/Users/SMN/.m2/repository/p2/osgi/bundle/javax.annotation/1.3.5.v20221203-1659/javax.annotation-1.3.5.v20221203-1659.jar,reference:file:C:/Users/SMN/.m2/repository/p2/osgi/bundle/org.eclipse.osgi.compatibility.state/1.2.800.v20221116-1440/org.eclipse.osgi.compatibility.state-1.2.800.v20221116-1440.jar,reference:file:C:/Users/SMN/.m2/repository/p2/osgi/bundle/org.osgi.service.event/1.4.1.202109301733/org.osgi.service.event-1.4.1.202109301733.jar,reference:file:C:/Users/SMN/.m2/repository/p2/osgi/bundle/com.sun.jna/5.12.1.v20221103-2317/com.sun.jna-5.12.1.v20221103-2317.jar,reference:file:C:/Users/SMN/.m2/repository/p2/osgi/bundle/org.eclipse.core.net/1.4.0.v20220813-1037/org.eclipse.core.net-1.4.0.v20220813-1037.jar,reference:file:C:/Users/SMN/.m2/repository/p2/osgi/bundle/org.eclipse.xtext.xbase.testing/2.30.0.v20230227-1128/org.eclipse.xtext.xbase.testing-2.30.0.v20230227-1128.jar,reference:file:C:/Users/SMN/eclipse-workspace/es.us.isa.idl.parent/es.us.isa.idl.tests/target/work/plugins/org.eclipse.equinox.launcher.win32.win32.x86_64_1.2.700.v20221108-1024,reference:file:C:/Users/SMN/.m2/repository/p2/osgi/bundle/org.eclipse.e4.ui.dialogs/1.3.500.v20230220-0932/org.eclipse.e4.ui.dialogs-1.3.500.v20230220-0932.jar,reference:file:C:/Users/SMN/.m2/repository/p2/osgi/bundle/org.eclipse.e4.core.di.extensions/0.17.200.v20220613-1008/org.eclipse.e4.core.di.extensions-0.17.200.v20220613-1008.jar,reference:file:C:/Users/SMN/.m2/repository/p2/osgi/bundle/org.w3c.css.sac/1.3.1.v200903091627/org.w3c.css.sac-1.3.1.v200903091627.jar,reference:file:C:/Users/SMN/.m2/repository/p2/osgi/bundle/org.junit.platform.launcher/1.9.1.v20221103-2317/org.junit.platform.launcher-1.9.1.v20221103-2317.jar,reference:file:C:/Users/SMN/.m2/repository/p2/osgi/bundle/org.eclipse.jdt.core/3.33.0.v20230222-1748/org.eclipse.jdt.core-3.33.0.v20230222-1748.jar,reference:file:C:/Users/SMN/.m2/repository/p2/osgi/bundle/org.w3c.dom.smil/1.0.1.v200903091627/org.w3c.dom.smil-1.0.1.v200903091627.jar,reference:file:C:/Users/SMN/.m2/repository/p2/osgi/bundle/org.eclipse.ui.editors/3.15.0.v20221201-1935/org.eclipse.ui.editors-3.15.0.v20221201-1935.jar,reference:file:C:/Users/SMN/.m2/repository/p2/osgi/bundle/org.eclipse.swt.gtk.linux.x86_64/3.123.0.v20230220-1431/org.eclipse.swt.gtk.linux.x86_64-3.123.0.v20230220-1431.jar,reference:file:C:/Users/SMN/.m2/repository/p2/osgi/bundle/org.osgi.service.useradmin/1.1.1.202109301733/org.osgi.service.useradmin-1.1.1.202109301733.jar,reference:file:C:/Users/SMN/.m2/repository/p2/osgi/bundle/org.eclipse.jface.notifications/0.5.200.v20230220-0932/org.eclipse.jface.notifications-0.5.200.v20230220-0932.jar,reference:file:C:/Users/SMN/.m2/repository/p2/osgi/bundle/org.eclipse.e4.emf.xpath/0.3.200.v20230220-1427/org.eclipse.e4.emf.xpath-0.3.200.v20230220-1427.jar,reference:file:C:/Users/SMN/.m2/repository/p2/osgi/bundle/org.eclipse.ui.ide/3.20.100.v20230220-1021/org.eclipse.ui.ide-3.20.100.v20230220-1021.jar,reference:file:C:/Users/SMN/.m2/repository/p2/osgi/bundle/org.eclipse.xtext.ide/2.30.0.v20230227-1116/org.eclipse.xtext.ide-2.30.0.v20230227-1116.jar,reference:file:C:/Users/SMN/.m2/repository/p2/osgi/bundle/org.eclipse.ui.ide.application/1.4.700.v20230220-0932/org.eclipse.ui.ide.application-1.4.700.v20230220-0932.jar,reference:file:C:/Users/SMN/.m2/repository/p2/osgi/bundle/org.objectweb.asm/9.4.0.v20221107-1714/org.objectweb.asm-9.4.0.v20221107-1714.jar,reference:file:C:/Users/SMN/.m2/repository/p2/osgi/bundle/org.eclipse.equinox.p2.metadata.repository/1.4.100.v20220329-1456/org.eclipse.equinox.p2.metadata.repository-1.4.100.v20220329-1456.jar,reference:file:C:/Users/SMN/.m2/repository/p2/osgi/bundle/org.eclipse.e4.ui.workbench.swt/0.16.800.v20230220-0932/org.eclipse.e4.ui.workbench.swt-0.16.800.v20230220-0932.jar,reference:file:C:/Users/SMN/.m2/repository/p2/osgi/bundle/org.osgi.util.measurement/1.0.2.201802012109/org.osgi.util.measurement-1.0.2.201802012109.jar,reference:file:C:/Users/SMN/.m2/repository/p2/osgi/bundle/org.eclipse.core.databinding.observable/1.12.200.v20230220-0932/org.eclipse.core.databinding.observable-1.12.200.v20230220-0932.jar,reference:file:C:/Users/SMN/.m2/repository/p2/osgi/bundle/junit-platform-suite-commons/1.9.2/junit-platform-suite-commons-1.9.2.jar,reference:file:C:/Users/SMN/.m2/repository/p2/osgi/bundle/org.eclipse.osgi.util/3.7.200.v20230103-1101/org.eclipse.osgi.util-3.7.200.v20230103-1101.jar,reference:file:C:/Users/SMN/.m2/repository/p2/osgi/bundle/org.apache.batik.i18n/1.16.0.v20221027-0840/org.apache.batik.i18n-1.16.0.v20221027-0840.jar,reference:file:C:/Users/SMN/.m2/repository/p2/osgi/bundle/org.apache.batik.constants/1.16.0.v20221027-0840/org.apache.batik.constants-1.16.0.v20221027-0840.jar,reference:file:C:/Users/SMN/.m2/repository/p2/osgi/bundle/org.eclipse.xtend.lib.macro/2.30.0.v20230227-1111/org.eclipse.xtend.lib.macro-2.30.0.v20230227-1111.jar,reference:file:C:/Users/SMN/.m2/repository/p2/osgi/bundle/org.eclipse.equinox.launcher/1.6.400.v20210924-0641/org.eclipse.equinox.launcher-1.6.400.v20210924-0641.jar,reference:file:C:/Users/SMN/.m2/repository/p2/osgi/bundle/org.antlr.runtime/3.2.0.v20220404-1927/org.antlr.runtime-3.2.0.v20220404-1927.jar,reference:file:C:/Users/SMN/.m2/repository/p2/osgi/bundle/org.eclipse.equinox.p2.jarprocessor/1.2.400.v20221201-0952/org.eclipse.equinox.p2.jarprocessor-1.2.400.v20221201-0952.jar,reference:file:C:/Users/SMN/.m2/repository/p2/osgi/bundle/com.sun.jna.platform/5.12.1.v20221103-2317/com.sun.jna.platform-5.12.1.v20221103-2317.jar,reference:file:C:/Users/SMN/.m2/repository/p2/osgi/bundle/org.eclipse.ui.forms/3.11.600.v20230220-0932/org.eclipse.ui.forms-3.11.600.v20230220-0932.jar,reference:file:C:/Users/SMN/.m2/repository/p2/osgi/bundle/io.github.classgraph/4.8.149.v20220915-0556/io.github.classgraph-4.8.149.v20220915-0556.jar,reference:file:C:/Users/SMN/.m2/repository/p2/osgi/bundle/javax.inject/1.0.0.v20220405-0441/javax.inject-1.0.0.v20220405-0441.jar,reference:file:C:/Users/SMN/.m2/repository/p2/osgi/bundle/org.eclipse.ltk.core.refactoring/3.13.100.v20230117-1625/org.eclipse.ltk.core.refactoring-3.13.100.v20230117-1625.jar,reference:file:C:/Users/SMN/.m2/repository/p2/osgi/bundle/org.eclipse.equinox.p2.engine/2.7.500.v20220817-1208/org.eclipse.equinox.p2.engine-2.7.500.v20220817-1208.jar,reference:file:C:/Users/SMN/.m2/repository/p2/osgi/bundle/org.eclipse.e4.ui.workbench.renderers.swt.cocoa/0.13.100.v20230214-1401/org.eclipse.e4.ui.workbench.renderers.swt.cocoa-0.13.100.v20230214-1401.jar,reference:file:C:/Users/SMN/.m2/repository/p2/osgi/bundle/com.google.guava/30.1.0.v20221112-0806/com.google.guava-30.1.0.v20221112-0806.jar,reference:file:C:/Users/SMN/.m2/repository/p2/osgi/bundle/bcprov/1.72.0/bcprov-1.72.0.jar,reference:file:C:/Users/SMN/.m2/repository/p2/osgi/bundle/org.eclipse.core.databinding.property/1.9.200.v20230220-0932/org.eclipse.core.databinding.property-1.9.200.v20230220-0932.jar,reference:file:C:/Users/SMN/.m2/repository/p2/osgi/bundle/org.eclipse.e4.ui.workbench/1.14.100.v20230220-1021/org.eclipse.e4.ui.workbench-1.14.100.v20230220-1021.jar,reference:file:C:/Users/SMN/.m2/repository/p2/osgi/bundle/org.eclipse.equinox.security/1.3.1000.v20220801-1135/org.eclipse.equinox.security-1.3.1000.v20220801-1135.jar,reference:file:C:/Users/SMN/.m2/repository/p2/osgi/bundle/org.eclipse.emf.ecore.xmi/2.18.0.v20230211-1150/org.eclipse.emf.ecore.xmi-2.18.0.v20230211-1150.jar,reference:file:C:/Users/SMN/.m2/repository/p2/osgi/bundle/org.eclipse.equinox.preferences/3.10.200.v20230120-0604/org.eclipse.equinox.preferences-3.10.200.v20230120-0604.jar,reference:file:C:/Users/SMN/.m2/repository/p2/osgi/bundle/org.w3c.dom.svg/1.1.0.v201011041433/org.w3c.dom.svg-1.1.0.v201011041433.jar,reference:file:C:/Users/SMN/.m2/repository/p2/osgi/bundle/org.apache.batik.util/1.16.0.v20221027-0840/org.apache.batik.util-1.16.0.v20221027-0840.jar,reference:file:C:/Users/SMN/.m2/repository/p2/osgi/bundle/org.eclipse.equinox.p2.artifact.repository/1.4.800.v20221205-1614/org.eclipse.equinox.p2.artifact.repository-1.4.800.v20221205-1614.jar,reference:file:C:/Users/SMN/.m2/repository/p2/osgi/bundle/org.osgi.util.function/1.2.0.202109301733/org.osgi.util.function-1.2.0.202109301733.jar,reference:file:C:/Users/SMN/.m2/repository/p2/osgi/bundle/org.apache.felix.gogo.command/1.1.2/org.apache.felix.gogo.command-1.1.2.jar,reference:file:C:/Users/SMN/.m2/repository/p2/osgi/bundle/org.apache.xmlgraphics/2.7.0.v20221018-0736/org.apache.xmlgraphics-2.7.0.v20221018-0736.jar,reference:file:C:/Users/SMN/.m2/repository/p2/osgi/bundle/bcpg/1.72.2/bcpg-1.72.2.jar,reference:file:C:/Users/SMN/.m2/repository/p2/osgi/bundle/org.eclipse.xtext.logging/1.2.24.v20230227-1159/org.eclipse.xtext.logging-1.2.24.v20230227-1159.jar,reference:file:C:/Users/SMN/.m2/repository/p2/osgi/bundle/org.eclipse.e4.ui.progress/0.3.700.v20230214-1401/org.eclipse.e4.ui.progress-0.3.700.v20230214-1401.jar,reference:file:C:/Users/SMN/.m2/repository/p2/osgi/bundle/org.eclipse.equinox.common/3.17.100.v20230202-1341/org.eclipse.equinox.common-3.17.100.v20230202-1341.jar@2:start,reference:file:C:/Users/SMN/eclipse-workspace/es.us.isa.idl.parent/es.us.isa.idl/target/es.us.isa.idl-1.0.0-SNAPSHOT.jar,reference:file:C:/Users/SMN/.m2/repository/p2/osgi/bundle/org.osgi.service.metatype/1.4.1.202109301733/org.osgi.service.metatype-1.4.1.202109301733.jar,reference:file:C:/Users/SMN/.m2/repository/p2/osgi/bundle/org.eclipse.swt.cocoa.macosx.x86_64/3.123.0.v20230220-1431/org.eclipse.swt.cocoa.macosx.x86_64-3.123.0.v20230220-1431.jar,reference:file:C:/Users/SMN/.m2/repository/p2/osgi/bundle/org.junit.jupiter.params/5.9.1.v20221103-2317/org.junit.jupiter.params-5.9.1.v20221103-2317.jar,reference:file:C:/Users/SMN/.m2/repository/p2/osgi/bundle/org.eclipse.e4.ui.workbench.addons.swt/1.4.600.v20230220-0932/org.eclipse.e4.ui.workbench.addons.swt-1.4.600.v20230220-0932.jar,reference:file:C:/Users/SMN/.m2/repository/p2/osgi/bundle/org.eclipse.xtend.lib/2.30.0.v20230227-1111/org.eclipse.xtend.lib-2.30.0.v20230227-1111.jar,reference:file:C:/Users/SMN/.m2/repository/p2/osgi/bundle/org.eclipse.e4.core.di/1.8.300.v20220817-1539/org.eclipse.e4.core.di-1.8.300.v20220817-1539.jar,reference:file:C:/Users/SMN/.m2/repository/p2/osgi/bundle/org.eclipse.e4.ui.services/1.5.200.v20230220-0932/org.eclipse.e4.ui.services-1.5.200.v20230220-0932.jar,reference:file:C:/Users/SMN/.m2/repository/p2/osgi/bundle/org.eclipse.ui.navigator/3.11.0.v20230214-1401/org.eclipse.ui.navigator-3.11.0.v20230214-1401.jar,reference:file:C:/Users/SMN/.m2/repository/p2/osgi/bundle/org.hamcrest.core/1.3.0.v20180420-1519/org.hamcrest.core-1.3.0.v20180420-1519.jar,reference:file:C:/Users/SMN/.m2/repository/p2/osgi/bundle/org.osgi.util.xml/1.0.2.202109301733/org.osgi.util.xml-1.0.2.202109301733.jar,reference:file:C:/Users/SMN/.m2/repository/p2/osgi/bundle/org.eclipse.core.contenttype/3.8.200.v20220817-1539/org.eclipse.core.contenttype-3.8.200.v20220817-1539.jar,reference:file:C:/Users/SMN/.m2/repository/p2/osgi/bundle/junit-platform-engine/1.9.2/junit-platform-engine-1.9.2.jar,reference:file:C:/Users/SMN/.m2/repository/p2/osgi/bundle/org.eclipse.jface/3.29.0.v20230214-1401/org.eclipse.jface-3.29.0.v20230214-1401.jar,reference:file:C:/Users/SMN/.m2/repository/p2/osgi/bundle/org.eclipse.equinox.console/1.4.500.v20211021-1418/org.eclipse.equinox.console-1.4.500.v20211021-1418.jar,reference:file:C:/Users/SMN/.m2/repository/p2/osgi/bundle/org.eclipse.ui.views.properties.tabbed/3.9.400.v20230220-1021/org.eclipse.ui.views.properties.tabbed-3.9.400.v20230220-1021.jar,reference:file:C:/Users/SMN/.m2/repository/p2/osgi/bundle/org.junit.platform.commons/1.9.1.v20221103-2317/org.junit.platform.commons-1.9.1.v20221103-2317.jar"/>
    <property name="osgi.framework.shape" value="jar"/>
    <property name="java.vm.name" value="Java HotSpot(TM) 64-Bit Server VM"/>
    <property name="osgi.framework" value="file:/C:/Users/SMN/.m2/repository/p2/osgi/bundle/org.eclipse.osgi/3.18.300.v20230220-1352/org.eclipse.osgi-3.18.300.v20230220-1352.jar"/>
    <property name="osgi.dev" value="file:/C:/Users/SMN/eclipse-workspace/es.us.isa.idl.parent/es.us.isa.idl.tests/target/work/dev.properties"/>
    <property name="osgi.configuration.area" value="file:/C:/Users/SMN/eclipse-workspace/es.us.isa.idl.parent/es.us.isa.idl.tests/target/work/configuration/"/>
    <property name="osgi.os" value="win32"/>
    <property name="osgi.clean" value="true"/>
    <property name="java.vendor.url.bug" value="https://bugreport.java.com/bugreport/"/>
    <property name="java.io.tmpdir" value="C:\Users\SMN\AppData\Local\Temp\"/>
    <property name="org.osgi.framework.os.name" value="win32"/>
    <property name="eclipse.home.location" value="file:/C:/Users/SMN/eclipse-workspace/es.us.isa.idl.parent/es.us.isa.idl.tests/target/work/"/>
    <property name="org.osgi.supports.framework.extension" value="true"/>
    <property name="java.version" value="17.0.6"/>
    <property name="org.osgi.framework.storage" value="C:\Users\SMN\eclipse-workspace\es.us.isa.idl.parent\es.us.isa.idl.tests\target\work\configuration"/>
    <property name="user.dir" value="C:\Users\SMN\eclipse-workspace\es.us.isa.idl.parent\es.us.isa.idl.tests"/>
    <property name="os.arch" value="amd64"/>
    <property name="osgi.ws" value="win32"/>
    <property name="osgi.instance.area" value="file:/C:/Users/SMN/eclipse-workspace/es.us.isa.idl.parent/es.us.isa.idl.tests/target/work/data/"/>
    <property name="osgi.bundles.defaultStartLevel" value="4"/>
    <property name="java.vm.specification.name" value="Java Virtual Machine Specification"/>
    <property name="sun.os.patch.level" value=""/>
    <property name="osgi.configuration.cascaded" value="false"/>
    <property name="eclipse.startTime" value="1693409250256"/>
    <property name="native.encoding" value="Cp1252"/>
    <property name="java.library.path" value="C:\Program Files\Java\jdk-17\bin;C:\WINDOWS\Sun\Java\bin;C:\WINDOWS\system32;C:\WINDOWS;C:/Program Files/Java/jdk-17/bin/server;C:/Program Files/Java/jdk-17/bin;C:\Program Files\Microsoft SDKs\Azure\CLI2\wbin;C:\Program Files\Java\jdk-17\bin;C:\Program Files\maven\bin;C:\Python311\Scripts\;C:\Python311\;C:\Program Files (x86)\Common Files\Oracle\Java\javapath;C:\Python310\Scripts\;C:\Python310\;C:\WINDOWS\system32;C:\WINDOWS;C:\WINDOWS\System32\Wbem;C:\WINDOWS\System32\WindowsPowerShell\v1.0\;C:\WINDOWS\System32\OpenSSH\;C:\Program Files\Git\cmd;C:\perl2exe-30.10-win;C:\Strawberry\c\bin;C:\Strawberry\perl\site\bin;C:\Strawberry\perl\bin;C:\Program Files\PuTTY\;C:\Program Files\Inkscape\bin;C:\Program Files\gradle-7.5\bin;C:\Program Files\Microsoft SQL Server\150\Tools\Binn\;C:\Program Files\Microsoft SQL Server\Client SDK\ODBC\170\Tools\Binn\;C:\Program Files\dotnet\;C:\Program Files\Go\bin;C:\Program Files\Azure Data Studio\bin;C:\Program Files (x86)\Microsoft SQL Server\150\Tools\Binn\;C:\Program Files\Microsoft SQL Server\150\DTS\Binn\;C:\WINDOWS\system32;C:\WINDOWS;C:\WINDOWS\System32\Wbem;C:\WINDOWS\System32\WindowsPowerShell\v7.0\;C:\WINDOWS\System32\OpenSSH\;C:\Program Files\ant\bin;C:\Program Files\nodejs\;C:\ProgramData\chocolatey\bin;;C:\Program Files (x86)\Gpg4win\..\GnuPG\bin;C:\Program Files\Docker\Docker\resources\bin;C:\Program Files\PowerShell\7-preview\preview;C:\Users\SMN\.cargo\bin;C:\Users\SMN\scoop\apps\nodejs\current\bin;C:\Users\SMN\scoop\apps\nodejs\current;C:\Users\SMN\scoop\shims;C:\Users\SMN\AppData\Local\Microsoft\WindowsApps;C:\Program Files\JetBrains\IntelliJ IDEA Educational Edition 2022.1\bin;C:\Users\SMN\AppData\Local\Programs\Microsoft VS Code\bin;C:\Users\SMN\AppData\Local\JetBrains\Toolbox\scripts;C:\Users\SMN\.dotnet\tools;C:\Users\SMN\AppData\Local\GitHubDesktop\bin;C:\Program Files\Azure Data Studio\bin;C:\Users\SMN\AppData\Local\Microsoft\WindowsApps;C:\Program Files\heroku\bin;C:\Program Files\JetBrains\IntelliJ IDEA 2022.3.3\bin;;C:\Users\SMN\AppData\Roaming\npm;;C:\WINDOWS\System32;;."/>
    <property name="org.osgi.framework.os.version" value="10.0.0"/>
    <property name="java.vm.info" value="mixed mode, sharing"/>
    <property name="java.vendor" value="Oracle Corporation"/>
    <property name="java.vm.version" value="17.0.6+9-LTS-190"/>
    <property name="sun.io.unicode.encoding" value="UnicodeLittle"/>
    <property name="eclipse.stateSaveDelayInterval" value="30000"/>
    <property name="java.class.version" value="61.0"/>
  </properties>
  <testcase name="loadModel" classname="es.us.isa.idl.tests.IDLParsingTest" time="0.322">
    <failure type="org.opentest4j.AssertionFailedError"><![CDATA[org.opentest4j.AssertionFailedError: Unexpected errors: XtextSyntaxDiagnostic: null:1 no viable alternative at input 'Hello', XtextSyntaxDiagnostic: null:1 no viable alternative at input 'Xtext' ==> expected: <true> but was: <false>
	at es.us.isa.idl.tests.IDLParsingTest.loadModel(IDLParsingTest.java:41)
]]></failure>
  </testcase>
</testsuite>